#
# There is insufficient memory for the Java Runtime Environment to continue.
# Native memory allocation (malloc) failed to allocate 337856 bytes for Chunk::new
# Possible reasons:
#   The system is out of physical RAM or swap space
#   The process is running with CompressedOops enabled, and the Java Heap may be blocking the growth of the native heap
# Possible solutions:
#   Reduce memory load on the system
#   Increase physical memory or swap space
#   Check if swap backing store is full
#   Decrease Java heap size (-Xmx/-Xms)
#   Decrease number of Java threads
#   Decrease Java thread stack sizes (-Xss)
#   Set larger code cache with -XX:ReservedCodeCacheSize=
#   JVM is running with Unscaled Compressed Oops mode in which the Java heap is
#     placed in the first 4GB address space. The Java Heap base address is the
#     maximum limit for the native heap growth. Please use -XX:HeapBaseMinAddress
#     to set the Java Heap base and to place the Java Heap above 4GB virtual address.
# This output file may be truncated or incomplete.
#
#  Out of Memory Error (allocation.cpp:389), pid=72492, tid=0x000000000000a6a8
#
# JRE version: OpenJDK Runtime Environment (8.0_242-b01) (build 1.8.0_242-release-1644-b01)
# Java VM: OpenJDK 64-Bit Server VM (25.242-b01 mixed mode windows-amd64 compressed oops)
# Failed to write core dump. Minidumps are not enabled by default on client versions of Windows
#

---------------  T H R E A D  ---------------

Current thread (0x0000000017dbe000):  JavaThread "C2 CompilerThread1" daemon [_thread_in_native, id=42664, stack(0x0000000019820000,0x0000000019920000)]

Stack: [0x0000000019820000,0x0000000019920000]
[error occurred during error reporting (printing stack bounds), id 0xc0000005]

Native frames: (J=compiled Java code, j=interpreted, Vv=VM code, C=native code)


Current CompileTask:
C2:  52097 7829       4       org.gradle.api.internal.changedetection.state.CollectingFileCollectionSnapshotBuilder::collectFileSnapshot (42 bytes)


---------------  P R O C E S S  ---------------

Java Threads: ( => current thread )
  0x000000001d641000 JavaThread "stdout" daemon [_thread_in_native, id=18064, stack(0x0000000024380000,0x0000000024480000)]
  0x000000001d63e000 JavaThread "stderr" daemon [_thread_in_native, id=67508, stack(0x0000000024280000,0x0000000024380000)]
  0x000000001dda8800 JavaThread "stdout" daemon [_thread_in_native, id=18556, stack(0x0000000024180000,0x0000000024280000)]
  0x000000001dda7800 JavaThread "stderr" daemon [_thread_in_native, id=76956, stack(0x0000000024080000,0x0000000024180000)]
  0x000000001dda7000 JavaThread "stdout" daemon [_thread_in_native, id=14300, stack(0x0000000023f80000,0x0000000024080000)]
  0x000000001dda6000 JavaThread "stderr" daemon [_thread_in_native, id=67140, stack(0x0000000023e80000,0x0000000023f80000)]
  0x000000001dda5800 JavaThread "pool-3-thread-1" [_thread_blocked, id=19172, stack(0x0000000023d80000,0x0000000023e80000)]
  0x000000001dda3000 JavaThread "ForkJoinPool.commonPool-worker-1" daemon [_thread_blocked, id=8116, stack(0x0000000023a80000,0x0000000023b80000)]
  0x000000001dd9c800 JavaThread "Task worker for ':' Thread 3" [_thread_blocked, id=7052, stack(0x0000000023680000,0x0000000023780000)]
  0x000000001dd9a000 JavaThread "Task worker for ':' Thread 2" [_thread_in_native, id=7164, stack(0x0000000023580000,0x0000000023680000)]
  0x000000001dd9e800 JavaThread "Task worker for ':'" [_thread_blocked, id=8108, stack(0x0000000023480000,0x0000000023580000)]
  0x000000001dd9b000 JavaThread "Cache worker for Build Output Cleanup Cache (F:\SourceCode\MovieAPP\.gradle\buildOutputCleanup)" [_thread_blocked, id=15604, stack(0x0000000023380000,0x0000000023480000)]
  0x000000001dd99800 JavaThread "Cache worker for task history cache (F:\SourceCode\MovieAPP\.gradle\4.6\taskHistory)" [_thread_blocked, id=77816, stack(0x0000000023280000,0x0000000023380000)]
  0x000000001dd9e000 JavaThread "Cache worker for file content cache (F:\SourceCode\MovieAPP\.gradle\4.6\fileContent)" [_thread_blocked, id=17604, stack(0x0000000023180000,0x0000000023280000)]
  0x000000001eee1000 JavaThread "Memory manager" [_thread_blocked, id=4644, stack(0x0000000022080000,0x0000000022180000)]
  0x000000001eedd800 JavaThread "pool-1-thread-1" [_thread_blocked, id=30448, stack(0x0000000021f80000,0x0000000022080000)]
  0x000000001eee4000 JavaThread "Build operations Thread 4" [_thread_blocked, id=12152, stack(0x00000000216a0000,0x00000000217a0000)]
  0x000000001eedf800 JavaThread "Build operations Thread 3" [_thread_blocked, id=8964, stack(0x00000000215a0000,0x00000000216a0000)]
  0x000000001eedf000 JavaThread "Build operations Thread 2" [_thread_blocked, id=65564, stack(0x00000000214a0000,0x00000000215a0000)]
  0x000000001eee3800 JavaThread "Build operations" [_thread_blocked, id=2192, stack(0x00000000213a0000,0x00000000214a0000)]
  0x000000001eee2000 JavaThread "Cache worker for Artifact transforms cache (C:\Users\Administrator\.gradle\caches\transforms-1)" [_thread_blocked, id=17612, stack(0x000000001e980000,0x000000001ea80000)]
  0x000000001c4f2800 JavaThread "Cache worker for file hash cache (F:\SourceCode\MovieAPP\.gradle\4.6\fileHashes)" [_thread_blocked, id=56764, stack(0x000000001d4b0000,0x000000001d5b0000)]
  0x000000001af3c800 JavaThread "File lock request listener" [_thread_in_native, id=19312, stack(0x000000001c3e0000,0x000000001c4e0000)]
  0x000000001af8a000 JavaThread "Cache worker for file hash cache (C:\Users\Administrator\.gradle\caches\4.6\fileHashes)" [_thread_blocked, id=77792, stack(0x000000001c2e0000,0x000000001c3e0000)]
  0x000000001939d000 JavaThread "Stdin handler" [_thread_blocked, id=77072, stack(0x000000001bfe0000,0x000000001c0e0000)]
  0x0000000019f17000 JavaThread "Asynchronous log dispatcher for DefaultDaemonConnection: socket connection from /127.0.0.1:14871 to /127.0.0.1:14872" [_thread_blocked, id=17292, stack(0x000000001bee0000,0x000000001bfe0000)]
  0x000000001939c000 JavaThread "Daemon worker" [_thread_blocked, id=73572, stack(0x000000001bde0000,0x000000001bee0000)]
  0x0000000019217800 JavaThread "Cancel handler" [_thread_blocked, id=31748, stack(0x000000001bce0000,0x000000001bde0000)]
  0x0000000019370800 JavaThread "Handler for socket connection from /127.0.0.1:14871 to /127.0.0.1:14872" [_thread_in_native, id=12800, stack(0x000000001b9e0000,0x000000001bae0000)]
  0x000000001a558800 JavaThread "Daemon" [_thread_blocked, id=63668, stack(0x000000001b8e0000,0x000000001b9e0000)]
  0x000000001949a800 JavaThread "Daemon periodic checks" [_thread_blocked, id=10224, stack(0x000000001b7e0000,0x000000001b8e0000)]
  0x00000000193af000 JavaThread "Incoming local TCP Connector on port 14871" [_thread_in_native, id=19200, stack(0x000000001b630000,0x000000001b730000)]
  0x00000000191a6800 JavaThread "Service Thread" daemon [_thread_blocked, id=9376, stack(0x0000000019a20000,0x0000000019b20000)]
  0x0000000019130000 JavaThread "C1 CompilerThread2" daemon [_thread_blocked, id=63160, stack(0x0000000019920000,0x0000000019a20000)]
=>0x0000000017dbe000 JavaThread "C2 CompilerThread1" daemon [_thread_in_native, id=42664, stack(0x0000000019820000,0x0000000019920000)]
  0x0000000017dbb000 JavaThread "C2 CompilerThread0" daemon [_thread_blocked, id=2644, stack(0x0000000019720000,0x0000000019820000)]
  0x0000000017d59800 JavaThread "Attach Listener" daemon [_thread_blocked, id=63468, stack(0x0000000019620000,0x0000000019720000)]
  0x0000000019128800 JavaThread "Signal Dispatcher" daemon [_thread_blocked, id=62284, stack(0x0000000019520000,0x0000000019620000)]
  0x000000000310d000 JavaThread "Finalizer" daemon [_thread_blocked, id=10232, stack(0x0000000018fc0000,0x00000000190c0000)]
  0x0000000017d49000 JavaThread "Reference Handler" daemon [_thread_blocked, id=16320, stack(0x0000000018ec0000,0x0000000018fc0000)]
  0x0000000003012800 JavaThread "main" [_thread_blocked, id=66008, stack(0x0000000002ed0000,0x0000000002fd0000)]

Other Threads:
  0x0000000017d26800 VMThread [stack: 0x0000000018dc0000,0x0000000018ec0000] [id=18764]
  0x00000000191a7800 WatcherThread [stack: 0x0000000019b20000,0x0000000019c20000] [id=74320]

VM state:not at safepoint (normal execution)

VM Mutex/Monitor currently owned by a thread: None

heap address: 0x0000000080000000, size: 2048 MB, Compressed Oops mode: 32-bit
Narrow klass base: 0x0000000000000000, Narrow klass shift: 3
Compressed class space size: 1073741824 Address: 0x0000000100000000

Heap:
 PSYoungGen      total 127488K, used 27063K [0x00000000d5580000, 0x00000000de880000, 0x0000000100000000)
  eden space 115712K, 23% used [0x00000000d5580000,0x00000000d6feddd0,0x00000000dc680000)
  from space 11776K, 0% used [0x00000000dd180000,0x00000000dd180000,0x00000000ddd00000)
  to   space 10240K, 0% used [0x00000000dde80000,0x00000000dde80000,0x00000000de880000)
 ParOldGen       total 86016K, used 45756K [0x0000000080000000, 0x0000000085400000, 0x00000000d5580000)
  object space 86016K, 53% used [0x0000000080000000,0x0000000082caf088,0x0000000085400000)
 Metaspace       used 57412K, capacity 59256K, committed 59412K, reserved 1099776K
  class space    used 7748K, capacity 8201K, committed 8320K, reserved 1048576K

Card table byte_map: [0x00000000124d0000,0x00000000128e0000] byte_map_base: 0x00000000120d0000

Marking Bits: (ParMarkBitMap*) 0x0000000077f7f030
 Begin Bits: [0x0000000012f90000, 0x0000000014f90000)
 End Bits:   [0x0000000014f90000, 0x0000000016f90000)

Polling page: 0x0000000000ec0000

CodeCache: size=245760Kb used=22344Kb max_used=22458Kb free=223415Kb
 bounds [0x0000000003110000, 0x0000000004720000, 0x0000000012110000]
 total_blobs=7647 nmethods=6857 adapters=702
 compilation: enabled

Compilation events (10 events):
Event: 51.097 Thread 0x0000000017dbe000 7829       4       org.gradle.api.internal.changedetection.state.CollectingFileCollectionSnapshotBuilder::collectFileSnapshot (42 bytes)
Event: 51.100 Thread 0x0000000019130000 7830  s    3       org.gradle.internal.nativeintegration.services.NativeServices::getInstance (20 bytes)
Event: 51.100 Thread 0x0000000019130000 nmethod 7830 0x000000000374ff10 code [0x0000000003750080, 0x0000000003750448]
Event: 51.101 Thread 0x0000000019130000 7831       3       org.gradle.internal.nativeintegration.services.FileSystems::getDefault (13 bytes)
Event: 51.103 Thread 0x0000000019130000 nmethod 7831 0x0000000004711910 code [0x0000000004711b00, 0x0000000004712538]
Event: 51.103 Thread 0x0000000019130000 7832       3       org.gradle.api.internal.file.IdentityFileResolver::<init> (7 bytes)
Event: 51.105 Thread 0x0000000019130000 nmethod 7832 0x0000000003683010 code [0x0000000003683200, 0x0000000003683a28]
Event: 51.106 Thread 0x0000000019130000 7833       3       org.gradle.api.internal.file.IdentityFileResolver::<init> (11 bytes)
Event: 51.108 Thread 0x0000000019130000 nmethod 7833 0x000000000394d890 code [0x000000000394db40, 0x000000000394eda8]
Event: 51.120 Thread 0x0000000017dbb000 nmethod 7828 0x00000000038dee50 code [0x00000000038defc0, 0x00000000038df558]

GC Heap History (10 events):
Event: 12.915 GC heap before
{Heap before GC invocations=12 (full 2):
 PSYoungGen      total 100352K, used 89088K [0x00000000d5580000, 0x00000000de980000, 0x0000000100000000)
  eden space 89088K, 100% used [0x00000000d5580000,0x00000000dac80000,0x00000000dac80000)
  from space 11264K, 0% used [0x00000000dac80000,0x00000000dac80000,0x00000000db780000)
  to   space 11264K, 0% used [0x00000000dde80000,0x00000000dde80000,0x00000000de980000)
 ParOldGen       total 86016K, used 15788K [0x0000000080000000, 0x0000000085400000, 0x00000000d5580000)
  object space 86016K, 18% used [0x0000000080000000,0x0000000080f6b330,0x0000000085400000)
 Metaspace       used 40224K, capacity 41136K, committed 41344K, reserved 1085440K
  class space    used 5447K, capacity 5756K, committed 5760K, reserved 1048576K
Event: 12.928 GC heap after
Heap after GC invocations=12 (full 2):
 PSYoungGen      total 125952K, used 9861K [0x00000000d5580000, 0x00000000de880000, 0x0000000100000000)
  eden space 115712K, 0% used [0x00000000d5580000,0x00000000d5580000,0x00000000dc680000)
  from space 10240K, 96% used [0x00000000dde80000,0x00000000de8214f0,0x00000000de880000)
  to   space 11776K, 0% used [0x00000000dd180000,0x00000000dd180000,0x00000000ddd00000)
 ParOldGen       total 86016K, used 15796K [0x0000000080000000, 0x0000000085400000, 0x00000000d5580000)
  object space 86016K, 18% used [0x0000000080000000,0x0000000080f6d330,0x0000000085400000)
 Metaspace       used 40224K, capacity 41136K, committed 41344K, reserved 1085440K
  class space    used 5447K, capacity 5756K, committed 5760K, reserved 1048576K
}
Event: 15.130 GC heap before
{Heap before GC invocations=13 (full 2):
 PSYoungGen      total 125952K, used 125573K [0x00000000d5580000, 0x00000000de880000, 0x0000000100000000)
  eden space 115712K, 100% used [0x00000000d5580000,0x00000000dc680000,0x00000000dc680000)
  from space 10240K, 96% used [0x00000000dde80000,0x00000000de8214f0,0x00000000de880000)
  to   space 11776K, 0% used [0x00000000dd180000,0x00000000dd180000,0x00000000ddd00000)
 ParOldGen       total 86016K, used 15796K [0x0000000080000000, 0x0000000085400000, 0x00000000d5580000)
  object space 86016K, 18% used [0x0000000080000000,0x0000000080f6d330,0x0000000085400000)
 Metaspace       used 50268K, capacity 51670K, committed 51712K, reserved 1093632K
  class space    used 6754K, capacity 7152K, committed 7168K, reserved 1048576K
Event: 15.159 GC heap after
Heap after GC invocations=13 (full 2):
 PSYoungGen      total 127488K, used 11758K [0x00000000d5580000, 0x00000000de880000, 0x0000000100000000)
  eden space 115712K, 0% used [0x00000000d5580000,0x00000000d5580000,0x00000000dc680000)
  from space 11776K, 99% used [0x00000000dd180000,0x00000000ddcfb988,0x00000000ddd00000)
  to   space 10240K, 0% used [0x00000000dde80000,0x00000000dde80000,0x00000000de880000)
 ParOldGen       total 86016K, used 22028K [0x0000000080000000, 0x0000000085400000, 0x00000000d5580000)
  object space 86016K, 25% used [0x0000000080000000,0x00000000815830c0,0x0000000085400000)
 Metaspace       used 50268K, capacity 51670K, committed 51712K, reserved 1093632K
  class space    used 6754K, capacity 7152K, committed 7168K, reserved 1048576K
}
Event: 29.012 GC heap before
{Heap before GC invocations=14 (full 2):
 PSYoungGen      total 127488K, used 127470K [0x00000000d5580000, 0x00000000de880000, 0x0000000100000000)
  eden space 115712K, 100% used [0x00000000d5580000,0x00000000dc680000,0x00000000dc680000)
  from space 11776K, 99% used [0x00000000dd180000,0x00000000ddcfb988,0x00000000ddd00000)
  to   space 10240K, 0% used [0x00000000dde80000,0x00000000dde80000,0x00000000de880000)
 ParOldGen       total 86016K, used 22028K [0x0000000080000000, 0x0000000085400000, 0x00000000d5580000)
  object space 86016K, 25% used [0x0000000080000000,0x00000000815830c0,0x0000000085400000)
 Metaspace       used 55888K, capacity 57630K, committed 57728K, reserved 1099776K
  class space    used 7573K, capacity 8030K, committed 8064K, reserved 1048576K
Event: 29.039 GC heap after
Heap after GC invocations=14 (full 2):
 PSYoungGen      total 125952K, used 10231K [0x00000000d5580000, 0x00000000de880000, 0x0000000100000000)
  eden space 115712K, 0% used [0x00000000d5580000,0x00000000d5580000,0x00000000dc680000)
  from space 10240K, 99% used [0x00000000dde80000,0x00000000de87de70,0x00000000de880000)
  to   space 11776K, 0% used [0x00000000dd180000,0x00000000dd180000,0x00000000ddd00000)
 ParOldGen       total 86016K, used 34907K [0x0000000080000000, 0x0000000085400000, 0x00000000d5580000)
  object space 86016K, 40% used [0x0000000080000000,0x0000000082216ed0,0x0000000085400000)
 Metaspace       used 55888K, capacity 57630K, committed 57728K, reserved 1099776K
  class space    used 7573K, capacity 8030K, committed 8064K, reserved 1048576K
}
Event: 40.276 GC heap before
{Heap before GC invocations=15 (full 2):
 PSYoungGen      total 125952K, used 67690K [0x00000000d5580000, 0x00000000de880000, 0x0000000100000000)
  eden space 115712K, 49% used [0x00000000d5580000,0x00000000d8d9c9d8,0x00000000dc680000)
  from space 10240K, 99% used [0x00000000dde80000,0x00000000de87de70,0x00000000de880000)
  to   space 11776K, 0% used [0x00000000dd180000,0x00000000dd180000,0x00000000ddd00000)
 ParOldGen       total 86016K, used 34907K [0x0000000080000000, 0x0000000085400000, 0x00000000d5580000)
  object space 86016K, 40% used [0x0000000080000000,0x0000000082216ed0,0x0000000085400000)
 Metaspace       used 57162K, capacity 58944K, committed 59028K, reserved 1099776K
  class space    used 7713K, capacity 8163K, committed 8192K, reserved 1048576K
Event: 40.301 GC heap after
Heap after GC invocations=15 (full 2):
 PSYoungGen      total 127488K, used 11744K [0x00000000d5580000, 0x00000000de880000, 0x0000000100000000)
  eden space 115712K, 0% used [0x00000000d5580000,0x00000000d5580000,0x00000000dc680000)
  from space 11776K, 99% used [0x00000000dd180000,0x00000000ddcf8010,0x00000000ddd00000)
  to   space 10240K, 0% used [0x00000000dde80000,0x00000000dde80000,0x00000000de880000)
 ParOldGen       total 86016K, used 43545K [0x0000000080000000, 0x0000000085400000, 0x00000000d5580000)
  object space 86016K, 50% used [0x0000000080000000,0x0000000082a866c0,0x0000000085400000)
 Metaspace       used 57162K, capacity 58944K, committed 59028K, reserved 1099776K
  class space    used 7713K, capacity 8163K, committed 8192K, reserved 1048576K
}
Event: 40.301 GC heap before
{Heap before GC invocations=16 (full 3):
 PSYoungGen      total 127488K, used 11744K [0x00000000d5580000, 0x00000000de880000, 0x0000000100000000)
  eden space 115712K, 0% used [0x00000000d5580000,0x00000000d5580000,0x00000000dc680000)
  from space 11776K, 99% used [0x00000000dd180000,0x00000000ddcf8010,0x00000000ddd00000)
  to   space 10240K, 0% used [0x00000000dde80000,0x00000000dde80000,0x00000000de880000)
 ParOldGen       total 86016K, used 43545K [0x0000000080000000, 0x0000000085400000, 0x00000000d5580000)
  object space 86016K, 50% used [0x0000000080000000,0x0000000082a866c0,0x0000000085400000)
 Metaspace       used 57162K, capacity 58944K, committed 59028K, reserved 1099776K
  class space    used 7713K, capacity 8163K, committed 8192K, reserved 1048576K
Event: 40.592 GC heap after
Heap after GC invocations=16 (full 3):
 PSYoungGen      total 127488K, used 0K [0x00000000d5580000, 0x00000000de880000, 0x0000000100000000)
  eden space 115712K, 0% used [0x00000000d5580000,0x00000000d5580000,0x00000000dc680000)
  from space 11776K, 0% used [0x00000000dd180000,0x00000000dd180000,0x00000000ddd00000)
  to   space 10240K, 0% used [0x00000000dde80000,0x00000000dde80000,0x00000000de880000)
 ParOldGen       total 86016K, used 45756K [0x0000000080000000, 0x0000000085400000, 0x00000000d5580000)
  object space 86016K, 53% used [0x0000000080000000,0x0000000082caf088,0x0000000085400000)
 Metaspace       used 57162K, capacity 58944K, committed 59028K, reserved 1099776K
  class space    used 7713K, capacity 8163K, committed 8192K, reserved 1048576K
}

Deoptimization events (10 events):
Event: 40.795 Thread 0x000000001dd9a000 Uncommon trap: reason=unstable_if action=reinterpret pc=0x000000000464132c method=sun.nio.cs.UTF_8$Encoder.encodeArrayLoop(Ljava/nio/CharBuffer;Ljava/nio/ByteBuffer;)Ljava/nio/charset/CoderResult; @ 87
Event: 45.707 Thread 0x000000001dd9a000 Uncommon trap: reason=class_check action=maybe_recompile pc=0x00000000042bb0b4 method=com.google.common.collect.AbstractMapBasedMultimap$WrappedCollection.refreshIfEmpty()V @ 59
Event: 45.708 Thread 0x000000001dd9a000 Uncommon trap: reason=unstable_if action=reinterpret pc=0x0000000004539e34 method=com.google.common.collect.MapMakerInternalMap$Segment.getEntry(Ljava/lang/Object;I)Lcom/google/common/collect/MapMakerInternalMap$ReferenceEntry; @ 40
Event: 45.724 Thread 0x000000001dd9a000 Uncommon trap: reason=unstable_if action=reinterpret pc=0x0000000004447dec method=com.google.common.collect.MapMakerInternalMap$Segment.getEntry(Ljava/lang/Object;I)Lcom/google/common/collect/MapMakerInternalMap$ReferenceEntry; @ 40
Event: 45.751 Thread 0x000000001dd9a000 Uncommon trap: reason=unstable_if action=reinterpret pc=0x0000000004528810 method=com.google.common.collect.MapMakerInternalMap$Segment.drainKeyReferenceQueue()V @ 11
Event: 45.810 Thread 0x000000001dd99800 Uncommon trap: reason=bimorphic action=maybe_recompile pc=0x000000000428995c method=java.io.BufferedInputStream.read1([BII)I @ 39
Event: 45.820 Thread 0x000000001dd99800 Uncommon trap: reason=unstable_if action=reinterpret pc=0x00000000046e49a0 method=java.io.BufferedOutputStream.write([BII)V @ 6
Event: 46.318 Thread 0x000000001dd9a000 Uncommon trap: reason=bimorphic action=maybe_recompile pc=0x00000000045937dc method=com.google.common.collect.TransformedIterator.hasNext()Z @ 4
Event: 46.320 Thread 0x000000001dd9a000 Uncommon trap: reason=class_check action=maybe_recompile pc=0x00000000045eaacc method=java.util.Iterator.forEachRemaining(Ljava/util/function/Consumer;)V @ 6
Event: 49.114 Thread 0x000000001dd99800 Uncommon trap: reason=bimorphic action=maybe_recompile pc=0x000000000428995c method=java.io.BufferedInputStream.read1([BII)I @ 39

Classes redefined (0 events):
No events

Internal exceptions (10 events):
Event: 27.812 Thread 0x000000001dd9a000 Exception <a 'java/lang/NoSuchMethodError': <clinit>> (0x00000000db983120) thrown at [C:\src\AOSP-openjdk-git\hotspot\src\share\vm\prims\jni.cpp, line 1615]
Event: 28.130 Thread 0x000000001dd9a000 Exception <a 'java/lang/NoSuchMethodError': <clinit>> (0x00000000dbdb4d58) thrown at [C:\src\AOSP-openjdk-git\hotspot\src\share\vm\prims\jni.cpp, line 1615]
Event: 28.476 Thread 0x000000001dd9a000 Exception <a 'java/lang/NoSuchMethodError': <clinit>> (0x00000000dbf71468) thrown at [C:\src\AOSP-openjdk-git\hotspot\src\share\vm\prims\jni.cpp, line 1615]
Event: 28.477 Thread 0x000000001dd9a000 Exception <a 'java/lang/NoSuchMethodError': <clinit>> (0x00000000dbf7b1b0) thrown at [C:\src\AOSP-openjdk-git\hotspot\src\share\vm\prims\jni.cpp, line 1615]
Event: 28.478 Thread 0x000000001dd9a000 Exception <a 'java/lang/NoSuchMethodError': <clinit>> (0x00000000dbf91300) thrown at [C:\src\AOSP-openjdk-git\hotspot\src\share\vm\prims\jni.cpp, line 1615]
Event: 28.479 Thread 0x000000001dd9a000 Exception <a 'java/lang/NoSuchMethodError': <clinit>> (0x00000000dbf9bb70) thrown at [C:\src\AOSP-openjdk-git\hotspot\src\share\vm\prims\jni.cpp, line 1615]
Event: 36.175 Thread 0x000000001dd9a000 Implicit null exception at 0x00000000040a3bde to 0x00000000040a3d61
Event: 36.380 Thread 0x000000001dd9a000 Implicit null exception at 0x0000000004053fbf to 0x00000000040541dd
Event: 36.385 Thread 0x000000001dd9a000 Implicit null exception at 0x000000000398b2ff to 0x000000000398b51d
Event: 37.408 Thread 0x000000001dd9a000 Implicit null exception at 0x00000000038dd36f to 0x00000000038ddac3

Events (10 events):
Event: 49.570 Thread 0x0000000017dbe000 flushing nmethod 0x0000000003ca0c90
Event: 49.570 Thread 0x0000000017dbe000 flushing nmethod 0x0000000003ccba90
Event: 49.580 Thread 0x0000000017dbb000 flushing nmethod 0x0000000003f27110
Event: 49.580 Thread 0x0000000017dbb000 flushing nmethod 0x0000000003fd3650
Event: 49.583 Thread 0x0000000017dbb000 flushing nmethod 0x00000000041d3bd0
Event: 49.589 Thread 0x0000000017dbe000 flushing nmethod 0x000000000430be50
Event: 49.589 Thread 0x0000000017dbe000 flushing nmethod 0x0000000004365c50
Event: 50.298 Thread 0x0000000019130000 flushing nmethod 0x000000000444b910
Event: 50.298 Thread 0x0000000019130000 flushing nmethod 0x0000000004462a90
Event: 50.298 Thread 0x0000000019130000 flushing nmethod 0x0000000004486c50


Dynamic libraries:
0x00007ff6e7c90000 - 0x00007ff6e7cc1000 	F:\Program Files\Android\Android Studio\jre\bin\java.exe
0x00007fff50ea0000 - 0x00007fff51081000 	C:\WINDOWS\SYSTEM32\ntdll.dll
0x00007fff4e7a0000 - 0x00007fff4e851000 	C:\WINDOWS\System32\KERNEL32.DLL
0x00007fff4dc50000 - 0x00007fff4dec3000 	C:\WINDOWS\System32\KERNELBASE.dll
0x00007fff50810000 - 0x00007fff508b1000 	C:\WINDOWS\System32\ADVAPI32.dll
0x00007fff4e640000 - 0x00007fff4e6de000 	C:\WINDOWS\System32\msvcrt.dll
0x00007fff503b0000 - 0x00007fff5040b000 	C:\WINDOWS\System32\sechost.dll
0x00007fff4e4b0000 - 0x00007fff4e5d4000 	C:\WINDOWS\System32\RPCRT4.dll
0x00007fff4ea40000 - 0x00007fff4ebd1000 	C:\WINDOWS\System32\USER32.dll
0x00007fff4e1f0000 - 0x00007fff4e210000 	C:\WINDOWS\System32\win32u.dll
0x00007fff4ebe0000 - 0x00007fff4ec08000 	C:\WINDOWS\System32\GDI32.dll
0x00007fff4ded0000 - 0x00007fff4e063000 	C:\WINDOWS\System32\gdi32full.dll
0x00007fff4e070000 - 0x00007fff4e10f000 	C:\WINDOWS\System32\msvcp_win.dll
0x00007fff4db50000 - 0x00007fff4dc48000 	C:\WINDOWS\System32\ucrtbase.dll
0x00007fff38390000 - 0x00007fff385f9000 	C:\WINDOWS\WinSxS\amd64_microsoft.windows.common-controls_6595b64144ccf1df_6.0.17134.1726_none_d3fdb88f7c924124\COMCTL32.dll
0x00007fff504e0000 - 0x00007fff50801000 	C:\WINDOWS\System32\combase.dll
0x00007fff4e170000 - 0x00007fff4e1e9000 	C:\WINDOWS\System32\bcryptPrimitives.dll
0x00007fff4ec30000 - 0x00007fff4ec5d000 	C:\WINDOWS\System32\IMM32.DLL
0x00000000501f0000 - 0x00000000502c2000 	F:\Program Files\Android\Android Studio\jre\jre\bin\msvcr100.dll
0x00000000777b0000 - 0x0000000077ffb000 	F:\Program Files\Android\Android Studio\jre\jre\bin\server\jvm.dll
0x00007fff4ec60000 - 0x00007fff4ec68000 	C:\WINDOWS\System32\PSAPI.DLL
0x00007fff4a990000 - 0x00007fff4a9b3000 	C:\WINDOWS\SYSTEM32\WINMM.dll
0x00007fff3dec0000 - 0x00007fff3dec9000 	C:\WINDOWS\SYSTEM32\WSOCK32.dll
0x00007fff3df00000 - 0x00007fff3df0a000 	C:\WINDOWS\SYSTEM32\VERSION.dll
0x00007fff50d10000 - 0x00007fff50d7c000 	C:\WINDOWS\System32\WS2_32.dll
0x00007fff4a960000 - 0x00007fff4a98a000 	C:\WINDOWS\SYSTEM32\winmmbase.dll
0x00007fff4e210000 - 0x00007fff4e259000 	C:\WINDOWS\System32\cfgmgr32.dll
0x00007fff49160000 - 0x00007fff4916f000 	F:\Program Files\Android\Android Studio\jre\jre\bin\verify.dll
0x00007fff39790000 - 0x00007fff397b9000 	F:\Program Files\Android\Android Studio\jre\jre\bin\java.dll
0x00007fff423c0000 - 0x00007fff423d6000 	F:\Program Files\Android\Android Studio\jre\jre\bin\zip.dll
0x00007fff4eec0000 - 0x00007fff50305000 	C:\WINDOWS\System32\SHELL32.dll
0x00007fff4e6e0000 - 0x00007fff4e789000 	C:\WINDOWS\System32\shcore.dll
0x00007fff4d430000 - 0x00007fff4db45000 	C:\WINDOWS\System32\windows.storage.dll
0x00007fff4e5e0000 - 0x00007fff4e631000 	C:\WINDOWS\System32\shlwapi.dll
0x00007fff4d1a0000 - 0x00007fff4d1b1000 	C:\WINDOWS\System32\kernel.appcore.dll
0x00007fff4d180000 - 0x00007fff4d19f000 	C:\WINDOWS\System32\profapi.dll
0x00007fff4d1f0000 - 0x00007fff4d23c000 	C:\WINDOWS\System32\powrprof.dll
0x00007fff4d1e0000 - 0x00007fff4d1ea000 	C:\WINDOWS\System32\FLTLIB.DLL
0x00007fff3f650000 - 0x00007fff3f66a000 	F:\Program Files\Android\Android Studio\jre\jre\bin\net.dll
0x00007fff4ca00000 - 0x00007fff4ca66000 	C:\WINDOWS\system32\mswsock.dll
0x00007fff3c1a0000 - 0x00007fff3c1b3000 	F:\Program Files\Android\Android Studio\jre\jre\bin\nio.dll
0x00007fff48a20000 - 0x00007fff48a3e000 	C:\Users\Administrator\.gradle\native\25\windows-amd64\native-platform.dll
0x00007fff475b0000 - 0x00007fff475bd000 	F:\Program Files\Android\Android Studio\jre\jre\bin\management.dll
0x00007fff4cbb0000 - 0x00007fff4cbc7000 	C:\WINDOWS\SYSTEM32\CRYPTSP.dll
0x00007fff4c5b0000 - 0x00007fff4c5e3000 	C:\WINDOWS\system32\rsaenh.dll
0x00007fff4cce0000 - 0x00007fff4cd05000 	C:\WINDOWS\SYSTEM32\bcrypt.dll
0x00007fff4d080000 - 0x00007fff4d0a8000 	C:\WINDOWS\SYSTEM32\USERENV.dll
0x00007fff4cbd0000 - 0x00007fff4cbdb000 	C:\WINDOWS\SYSTEM32\CRYPTBASE.dll
0x00007fff4c750000 - 0x00007fff4c788000 	C:\WINDOWS\SYSTEM32\IPHLPAPI.DLL
0x00007fff504d0000 - 0x00007fff504d8000 	C:\WINDOWS\System32\NSI.dll
0x00007fff463d0000 - 0x00007fff463e6000 	C:\WINDOWS\SYSTEM32\dhcpcsvc6.DLL
0x00007fff46350000 - 0x00007fff4636a000 	C:\WINDOWS\SYSTEM32\dhcpcsvc.DLL

VM Arguments:
jvm_args: -Xmx2048m -Dfile.encoding=GBK -Duser.country=CN -Duser.language=zh -Duser.variant 
java_command: org.gradle.launcher.daemon.bootstrap.GradleDaemon 4.6
java_class_path (initial): C:\Users\Administrator\.gradle\wrapper\dists\gradle-4.6-all\bcst21l2brirad8k2ben1letg\gradle-4.6\lib\gradle-launcher-4.6.jar
Launcher Type: SUN_STANDARD

Environment Variables:
JAVA_HOME=E:\programfiles\jdk1.8.0_201
CLASSPATH=.;C:\Program Files\Java\jdk1.8.0_201\lib;C:\Program Files\Java\jdk1.8.0_201\jre\lib;E:\programfiles\jdk1.8.0_201\jdk1.8.0_201\lib;
PATH=E:\programfiles\jdk1.8.0_201\bin;C:\Program Files (x86)\Common Files\Oracle\Java\javapath;C:\WINDOWS\system32;C:\WINDOWS;C:\WINDOWS\System32\Wbem;C:\WINDOWS\System32\WindowsPowerShell\v1.0\;C:\WINDOWS\System32\OpenSSH\;C:\Program Files\Microsoft\Web Platform Installer\;C:\Program Files (x86)\Microsoft ASP.NET\ASP.NET Web Pages\v1.0\;E:\programfiles\jdk1.8.0_201\bin;C:\Program Files (x86)\Windows Kits\8.0\Windows Performance Toolkit\;C:\Program Files\Git\cmd;C:\Program Files\MySQL\MySQL Utilities 1.6\;C:\Program Files\MySQL\MySQL Server 5.7\bin;D:\Program Files\Git\cmd;C:\Users\Administrator\AppData\Local\Programs\Python\Python37-32\Scripts\;C:\Users\Administrator\AppData\Local\Programs\Python\Python37-32\;C:\Users\Administrator\AppData\Local\Microsoft\WindowsApps;;C:\Program Files\JetBrains\PyCharm Community Edition 2019.3.1\bin;;E:\Program Files\JetBrains\PyCharm 2019.3.3\bin;
USERNAME=Administrator
OS=Windows_NT
PROCESSOR_IDENTIFIER=Intel64 Family 6 Model 142 Stepping 9, GenuineIntel



---------------  S Y S T E M  ---------------

OS: Windows 10.0 , 64 bit Build 17134 (10.0.17134.1425)

CPU:total 4 (initial active 4) (2 cores per cpu, 2 threads per core) family 6 model 142 stepping 9, cmov, cx8, fxsr, mmx, sse, sse2, sse3, ssse3, sse4.1, sse4.2, popcnt, avx, avx2, aes, clmul, erms, 3dnowpref, lzcnt, ht, tsc, tscinvbit, bmi1, bmi2, adx

Memory: 4k page, physical 8162460k(180636k free), swap 27812760k(4180k free)

vm_info: OpenJDK 64-Bit Server VM (25.242-b01) for windows-amd64 JRE (1.8.0_242-release-1644-b01), built by "builder" with MS VC++ 10.0 (VS2010)

time: Fri Oct 02 23:33:30 2020
timezone: 中国标准时间
elapsed time: 52 seconds (0d 0h 0m 52s)

